2017-03-16 11:28:25,200 [ERROR]- code: 3, data: 密码错误
2017-03-16 11:32:10,323 [ERROR]- code: 1, data: 非法请求
2017-03-16 13:48:23,089 [ERROR]- code: 1, data: {'username': ['该号码已被注册']}
2017-03-16 13:48:37,129 [INFO]- 18094213195 注册入系统
2017-03-16 13:50:15,386 [INFO]- 18094213196 注册入系统
2017-03-16 16:07:28,575 [ERROR]- code: 1, data: 获取参数Permission matching query does not exist.失败
2017-03-16 16:11:15,293 [ERROR]- code: 1, data: 获取参数Permission matching query does not exist.失败
2017-03-16 16:16:21,072 [ERROR]- code: 1, data: 获取参数Permission matching query does not exist.失败
2017-03-16 16:29:26,717 [ERROR]- code: 1, data: {'username': ['该号码已被注册']}
2017-03-16 16:29:36,965 [ERROR]- code: 1, data: {'username': ['该号码已被注册']}
2017-03-16 16:29:40,603 [ERROR]- code: 1, data: {'username': ['该号码已被注册']}
2017-03-16 16:29:59,545 [INFO]- 18094213171 注册入系统
2017-03-16 17:17:40,598 [INFO]- 18094213171 注册入系统
2017-03-16 17:19:45,836 [INFO]- 18094213171 注册入系统
2017-03-16 17:20:20,856 [INFO]- 18094213171 注册入系统
2017-03-17 09:56:18,836 [ERROR]- code: 2, data: 无此用户
2017-03-17 15:19:33,215 [ERROR]- code: 1, data: {'username': ['该号码已被注册']}
2017-03-17 15:19:33,324 [ERROR]- code: 1, data: {'username': ['该号码已被注册']}
2017-03-17 15:20:14,321 [ERROR]- code: 1, data: {'username': ['该号码已被注册']}
2017-03-17 16:32:43,269 [ERROR]- code: 1, data: {'username': ['该号码已被注册']}
2017-03-17 17:35:50,610 [INFO]- 18094213193 注册入系统
2017-03-30 09:58:54,899 [INFO]- 18094213193 注册入系统
2017-03-30 10:00:21,569 [ERROR]- code: 1, data: {'username': ['该号码已被注册']}
2017-03-30 13:45:35,355 [ERROR]- code: 1, data: {'password': ['该字段是必填项。'], 'username': ['该字段是必填项。']}
2017-03-30 14:25:35,071 [INFO]- gg 添加了学校 哈哈
2017-03-30 16:15:20,817 [ERROR]- code: 1, data: {'user': ['该字段是必填项。']}
2017-03-30 16:15:43,315 [ERROR]- code: 1, data: {'user': ['该字段是必填项。']}
2017-03-30 16:19:43,637 [ERROR]- code: 1, data: {'user': ['该字段是必填项。']}
2017-03-30 16:19:48,209 [ERROR]- code: 1, data: {'user': ['该字段是必填项。']}
2017-03-30 16:20:14,716 [ERROR]- code: 1, data: {'user': ['该字段是必填项。']}
2017-03-30 16:24:47,008 [ERROR]- code: 1, data: {'user': ['该字段必须唯一。']}
2017-03-30 16:32:34,827 [ERROR]- code: 1, data: {'staffs': ['类型错误。期望为主键，获得的类型为 str。']}
2017-03-30 17:02:31,848 [ERROR]- code: 1, data: {'staffs': ['类型错误。期望为主键，获得的类型为 str。']}
2017-03-30 17:02:55,531 [ERROR]- code: 1, data: {'staffs': ['类型错误。期望为主键，获得的类型为 str。']}
2017-03-30 17:29:23,767 [ERROR]- code: 1, data: {'staffs': ['类型错误。期望为主键，获得的类型为 str。']}
2017-03-30 17:29:44,249 [ERROR]- code: 1, data: {'staffs': ['类型错误。期望为主键，获得的类型为 str。']}
2017-03-30 17:29:58,261 [ERROR]- code: 1, data: {'staffs': ['类型错误。期望为主键，获得的类型为 str。']}
2017-03-30 19:22:12,473 [ERROR]- code: 1, data: {'content': ['该字段是必填项。']}
